Using pre-set license
Built from '2020.3/staging' branch; Version is '2020.3.26f1 (7298b473bc1a) revision 7510196'; Using compiler version '192528614'; Build Type 'Release'
OS: 'Windows 10  (10.0.19044) 64bit Core' Language: 'en' Physical Memory: 16325 MB
BatchMode: 1, IsHumanControllingUs: 0, StartBugReporterOnCrash: 0, Is64bit: 1, IsPro: 0

COMMAND LINE ARGUMENTS:
C:\Program Files\Unity\Hub\Editor\2020.3.26f1\Editor\Unity.exe
-adb2
-batchMode
-noUpm
-name
AssetImportWorker0
-projectPath
C:/Users/pigu3/Documents/GitHub/ax-chibi-game-jam/AX Chibi Game
-logFile
Logs/AssetImportWorker0.log
-srvPort
62232
Successfully changed project path to: C:/Users/pigu3/Documents/GitHub/ax-chibi-game-jam/AX Chibi Game
C:/Users/pigu3/Documents/GitHub/ax-chibi-game-jam/AX Chibi Game
Using Asset Import Pipeline V2.
Refreshing native plugins compatible for Editor in 41.36 ms, found 3 plugins.
Preloading 0 native plugins for Editor in 0.00 ms.
Initialize engine version: 2020.3.26f1 (7298b473bc1a)
[Subsystems] Discovering subsystems at path C:/Program Files/Unity/Hub/Editor/2020.3.26f1/Editor/Data/Resources/UnitySubsystems
[Subsystems] Discovering subsystems at path C:/Users/pigu3/Documents/GitHub/ax-chibi-game-jam/AX Chibi Game/Assets
GfxDevice: creating device client; threaded=0
Direct3D:
    Version:  Direct3D 11.0 [level 11.1]
    Renderer: NVIDIA GeForce RTX 2060 SUPER (ID=0x1f06)
    Vendor:   
    VRAM:     8031 MB
    Driver:   30.0.15.1215
Initialize mono
Mono path[0] = 'C:/Program Files/Unity/Hub/Editor/2020.3.26f1/Editor/Data/Managed'
Mono path[1] = 'C:/Program Files/Unity/Hub/Editor/2020.3.26f1/Editor/Data/MonoBleedingEdge/lib/mono/unityjit'
Mono config path = 'C:/Program Files/Unity/Hub/Editor/2020.3.26f1/Editor/Data/MonoBleedingEdge/etc'
Using monoOptions --debugger-agent=transport=dt_socket,embedding=1,server=y,suspend=n,address=127.0.0.1:56024
Begin MonoManager ReloadAssembly
Registering precompiled unity dll's ...
Register platform support module: C:/Program Files/Unity/Hub/Editor/2020.3.26f1/Editor/Data/PlaybackEngines/WindowsStandaloneSupport/UnityEditor.WindowsStandalone.Extensions.dll
Registered in 0.001718 seconds.
Native extension for WindowsStandalone target not found
Refreshing native plugins compatible for Editor in 40.48 ms, found 3 plugins.
Preloading 0 native plugins for Editor in 0.00 ms.
Mono: successfully reloaded assembly
- Completed reload, in  0.493 seconds
Domain Reload Profiling:
	ReloadAssembly (493ms)
		BeginReloadAssembly (49ms)
			ExecutionOrderSort (0ms)
			DisableScriptedObjects (0ms)
			BackupInstance (0ms)
			ReleaseScriptingObjects (0ms)
			CreateAndSetChildDomain (1ms)
		EndReloadAssembly (381ms)
			LoadAssemblies (47ms)
			RebuildTransferFunctionScriptingTraits (0ms)
			SetupTypeCache (127ms)
			ReleaseScriptCaches (0ms)
			RebuildScriptCaches (30ms)
			SetupLoadedEditorAssemblies (145ms)
				LogAssemblyErrors (0ms)
				InitializePlatformSupportModulesInManaged (4ms)
				SetLoadedEditorAssemblies (0ms)
				RefreshPlugins (41ms)
				BeforeProcessingInitializeOnLoad (7ms)
				ProcessInitializeOnLoadAttributes (69ms)
				ProcessInitializeOnLoadMethodAttributes (24ms)
				AfterProcessingInitializeOnLoad (0ms)
				EditorAssembliesLoaded (0ms)
			ExecutionOrderSort2 (0ms)
			AwakeInstancesAfterBackupRestoration (0ms)
Platform modules already initialized, skipping
Registering precompiled user dll's ...
Registered in 0.004010 seconds.
Begin MonoManager ReloadAssembly
Native extension for WindowsStandalone target not found
Refreshing native plugins compatible for Editor in 40.55 ms, found 3 plugins.
Preloading 0 native plugins for Editor in 0.00 ms.
Mono: successfully reloaded assembly
- Completed reload, in  0.911 seconds
Domain Reload Profiling:
	ReloadAssembly (911ms)
		BeginReloadAssembly (121ms)
			ExecutionOrderSort (0ms)
			DisableScriptedObjects (4ms)
			BackupInstance (0ms)
			ReleaseScriptingObjects (0ms)
			CreateAndSetChildDomain (15ms)
		EndReloadAssembly (736ms)
			LoadAssemblies (77ms)
			RebuildTransferFunctionScriptingTraits (0ms)
			SetupTypeCache (245ms)
			ReleaseScriptCaches (0ms)
			RebuildScriptCaches (39ms)
			SetupLoadedEditorAssemblies (279ms)
				LogAssemblyErrors (0ms)
				InitializePlatformSupportModulesInManaged (3ms)
				SetLoadedEditorAssemblies (0ms)
				RefreshPlugins (41ms)
				BeforeProcessingInitializeOnLoad (58ms)
				ProcessInitializeOnLoadAttributes (159ms)
				ProcessInitializeOnLoadMethodAttributes (13ms)
				AfterProcessingInitializeOnLoad (5ms)
				EditorAssembliesLoaded (0ms)
			ExecutionOrderSort2 (0ms)
			AwakeInstancesAfterBackupRestoration (5ms)
Platform modules already initialized, skipping
========================================================================
Worker process is ready to serve import requests
Launched and connected shader compiler UnityShaderCompiler.exe after 0.04 seconds
Refreshing native plugins compatible for Editor in 0.51 ms, found 3 plugins.
Preloading 0 native plugins for Editor in 0.00 ms.
Unloading 2197 Unused Serialized files (Serialized files now loaded: 0)
System memory in use before: 95.8 MB.
System memory in use after: 95.9 MB.

Unloading 28 unused Assets to reduce memory usage. Loaded Objects now: 2630.
Total: 3.194800 ms (FindLiveObjects: 0.149600 ms CreateObjectMapping: 0.075700 ms MarkObjects: 2.902100 ms  DeleteObjects: 0.066500 ms)

AssetImportParameters requested are different than current active one (requested -> active):
  custom:framework-win-MediaFoundation: 216162199b28c13a410421893ffa2e32 -> 
  custom:video-decoder-ogg-theora: a1e56fd34408186e4bbccfd4996cb3dc -> 
  custom:container-muxer-webm: aa71ff27fc2769a1b78a27578f13a17b -> 
  custom:container-demuxer-webm: 4f35f7cbe854078d1ac9338744f61a02 -> 
  custom:container-demuxer-ogg: 62fdf1f143b41e24485cea50d1cbac27 -> 
  custom:video-encoder-webm-vp8: eb34c28f22e8b96e1ab97ce403110664 -> 
  custom:video-decoder-webm-vp8: 9c59270c3fd7afecdb556c50c9e8de78 -> 
  custom:audio-decoder-ogg-vorbis: bf7c407c2cedff20999df2af8eb42d56 -> 
  custom:audio-encoder-webm-vorbis: bf7c407c2cedff20999df2af8eb42d56 -> 
========================================================================
Received Import Request.
  path: Assets
  artifactKey: Guid(00000000000000001000000000000000) Importer(815301076,1909f56bfc062723c751e8b465ee728b)
Start importing Assets using Guid(00000000000000001000000000000000) Importer(815301076,1909f56bfc062723c751e8b465ee728b)  -> (artifact id: '42d402b061de3733987d63b9cc3b64de') in 0.007871 seconds 
  Import took 0.010974 seconds .

========================================================================
Received Import Request.
  Time since last request: 3.526458 seconds.
  path: Assets/Sprites
  artifactKey: Guid(e1f8db43f6191f048b64f5ea3188ebc2) Importer(815301076,1909f56bfc062723c751e8b465ee728b)
Start importing Assets/Sprites using Guid(e1f8db43f6191f048b64f5ea3188ebc2) Importer(815301076,1909f56bfc062723c751e8b465ee728b)  -> (artifact id: 'e21dadea526d36157ea53acab208b267') in 0.004397 seconds 
  Import took 0.007156 seconds .

========================================================================
Received Import Request.
  Time since last request: 20.123008 seconds.
  path: Assets/Sprites/boy_run.png
  artifactKey: Guid(e4ce6d005d135f74fbb0629b1fe8a3c5) Importer(815301076,1909f56bfc062723c751e8b465ee728b)
Start importing Assets/Sprites/boy_run.png using Guid(e4ce6d005d135f74fbb0629b1fe8a3c5) Importer(815301076,1909f56bfc062723c751e8b465ee728b)  -> (artifact id: '5922ce77721ef0cf381b1b2f361d8a6a') in 0.079791 seconds 
  Import took 0.082574 seconds .

========================================================================
Received Import Request.
  Time since last request: 99.081829 seconds.
  path: Assets/Sprites/boy_idle.png
  artifactKey: Guid(3e9b287e478dc3b4e918803b5d5862cb) Importer(815301076,1909f56bfc062723c751e8b465ee728b)
Start importing Assets/Sprites/boy_idle.png using Guid(3e9b287e478dc3b4e918803b5d5862cb) Importer(815301076,1909f56bfc062723c751e8b465ee728b)  -> (artifact id: '23e378b75f30c864a29cc191a3b06cbd') in 0.022469 seconds 
  Import took 0.026009 seconds .

========================================================================
Received Import Request.
  Time since last request: 4678.493510 seconds.
  path: Assets/Sprites/throne background.png
  artifactKey: Guid(213b1fa75e4ede840b5415895885765a) Importer(815301076,1909f56bfc062723c751e8b465ee728b)
Start importing Assets/Sprites/throne background.png using Guid(213b1fa75e4ede840b5415895885765a) Importer(815301076,1909f56bfc062723c751e8b465ee728b)  -> (artifact id: '07359e75fe94f056f093313caa354e03') in 0.110704 seconds 
  Import took 0.114840 seconds .

========================================================================
Received Import Request.
  Time since last request: 27.318899 seconds.
  path: Assets/Sprites/throne background.png
  artifactKey: Guid(213b1fa75e4ede840b5415895885765a) Importer(815301076,1909f56bfc062723c751e8b465ee728b)
Start importing Assets/Sprites/throne background.png using Guid(213b1fa75e4ede840b5415895885765a) Importer(815301076,1909f56bfc062723c751e8b465ee728b)  -> (artifact id: '39e6adab839fbd8246508f0d1e739b65') in 0.023844 seconds 
  Import took 0.027401 seconds .

========================================================================
Received Import Request.
  Time since last request: 35.986646 seconds.
  path: Assets/Sprites/throne background.png
  artifactKey: Guid(213b1fa75e4ede840b5415895885765a) Importer(815301076,1909f56bfc062723c751e8b465ee728b)
Start importing Assets/Sprites/throne background.png using Guid(213b1fa75e4ede840b5415895885765a) Importer(815301076,1909f56bfc062723c751e8b465ee728b)  -> (artifact id: '4bed8841a587dceb25ea92a768e280ab') in 0.023026 seconds 
  Import took 0.026714 seconds .

========================================================================
Received Import Request.
  Time since last request: 100.776298 seconds.
  path: Assets/Sprites/boy_idle.png
  artifactKey: Guid(3e9b287e478dc3b4e918803b5d5862cb) Importer(815301076,1909f56bfc062723c751e8b465ee728b)
Start importing Assets/Sprites/boy_idle.png using Guid(3e9b287e478dc3b4e918803b5d5862cb) Importer(815301076,1909f56bfc062723c751e8b465ee728b)  -> (artifact id: 'b45f0da4d1192932023ea843c2fe84ee') in 0.042150 seconds 
  Import took 0.045932 seconds .

========================================================================
Received Import Request.
  Time since last request: 36.792237 seconds.
  path: Assets/Sprites/boy_run.png
  artifactKey: Guid(e4ce6d005d135f74fbb0629b1fe8a3c5) Importer(815301076,1909f56bfc062723c751e8b465ee728b)
Start importing Assets/Sprites/boy_run.png using Guid(e4ce6d005d135f74fbb0629b1fe8a3c5) Importer(815301076,1909f56bfc062723c751e8b465ee728b)  -> (artifact id: 'e80a5d270d97f665b13c0066c9b35f64') in 0.012102 seconds 
  Import took 0.015962 seconds .

========================================================================
Received Import Request.
  Time since last request: 358.532784 seconds.
  path: Assets/Scenes/SampleScene.unity
  artifactKey: Guid(2cda990e2423bbf4892e6590ba056729) Importer(815301076,1909f56bfc062723c751e8b465ee728b)
Start importing Assets/Scenes/SampleScene.unity using Guid(2cda990e2423bbf4892e6590ba056729) Importer(815301076,1909f56bfc062723c751e8b465ee728b)  -> (artifact id: '15ab7148097b0d90cfa6d476d90ca45a') in 0.005957 seconds 
  Import took 0.010922 seconds .

========================================================================
Received Import Request.
  Time since last request: 9.559666 seconds.
  path: Assets/Scenes/TestScene.unity
  artifactKey: Guid(2cda990e2423bbf4892e6590ba056729) Importer(815301076,1909f56bfc062723c751e8b465ee728b)
Start importing Assets/Scenes/TestScene.unity using Guid(2cda990e2423bbf4892e6590ba056729) Importer(815301076,1909f56bfc062723c751e8b465ee728b)  -> (artifact id: '58f25cc50b3c60fdfd4d1de55bf74403') in 0.005773 seconds 
  Import took 0.008948 seconds .

AssetImportWorkerClient::OnTransportError - code=2 error=End of file
